<?xml version="1.0" encoding="UTF-8"?>
<!-- Generated by org.testng.reporters.JUnitReportReporter -->
<testsuite hostname="Louiss-Air.lan" failures="0" tests="1" name="org.example.runner.CucumberRunnerTests" time="1.056" errors="0" timestamp="2023-07-27T21:51:02 CDT" skipped="0">
  <testcase classname="org.example.runner.CucumberRunnerTests" name="runScenario" time="1.056"/>
</testsuite> <!-- org.example.runner.CucumberRunnerTests -->
