<?xml version="1.0" encoding="UTF-8"?>
<!-- Generated by org.testng.reporters.JUnitReportReporter -->
<testsuite hostname="Louiss-Air.lan" failures="0" tests="1" name="org.example.runner.CucumberRunnerTests" time="0.908" errors="0" timestamp="2023-07-25T18:05:42 CDT" skipped="0">
  <testcase classname="org.example.runner.CucumberRunnerTests" name="runScenario" time="0.908"/>
</testsuite> <!-- org.example.runner.CucumberRunnerTests -->
